<?xml version="1.0" encoding="UTF-8"?>
<!-- Generated by org.testng.reporters.JUnitXMLReporter -->
<testsuite ignored="0" hostname="DESKTOP-U079FS1" failures="0" tests="4" name="Default test" time="0.89" errors="0" timestamp="2026-01-26T19:27:19 IST">
  <testcase classname="selenium.ExcelDrivenTest" name="testSampleDatatoTestCase" time="0.017"/>
  <testcase classname="selenium.ExcelDrivenTest" name="testSampleDatatoTestCase" time="0.002"/>
  <testcase classname="selenium.ExcelDrivenTest" name="testSampleDatatoTestCase" time="0.002"/>
  <testcase classname="selenium.ExcelDrivenTest" name="testSampleDatatoTestCase" time="0.002"/>
</testsuite> <!-- Default test -->
