<?xml version="1.0" encoding="UTF-8"?>
<!-- Generated by org.testng.reporters.JUnitReportReporter -->
<testsuite hostname="DESKTOP-U079FS1" failures="0" tests="3" name="selenium.Dataprovider" time="0.016" errors="0" timestamp="2026-01-04T20:31:06 IST" skipped="0">
  <testcase classname="selenium.Dataprovider" name="testCase" time="0.012"/>
  <testcase classname="selenium.Dataprovider" name="testCase" time="0.002"/>
  <testcase classname="selenium.Dataprovider" name="testCase" time="0.002"/>
</testsuite> <!-- selenium.Dataprovider -->
